Creating models/run_5

===============================================================================

Train file         = splits/train_5.7k_cropped_remapped.txt
Val file           = splits/val_5.7k_cropped_remapped.txt
Run No             = 5
Model save folder  = models/run_5
-------------------------------
Optimisation Parameters
-------------------------------
lr                 = 0.00050
epochs             = 300
Batch size         = 64
Test Batch size    = 32
Using device: cuda
Using Dropout
Epoch: 1 Training_Loss: 8.387400 Validation_Acc: 0.001
Epoch: 2 Training_Loss: 8.122296 Validation_Acc: 0.002
Epoch: 3 Training_Loss: 7.928081 Validation_Acc: 0.004
Epoch: 4 Training_Loss: 7.618340 Validation_Acc: 0.002
Epoch: 5 Training_Loss: 7.335528 Validation_Acc: 0.000
Epoch: 6 Training_Loss: 7.065941 Validation_Acc: 0.007
Epoch: 7 Training_Loss: 6.821593 Validation_Acc: 0.003
Epoch: 8 Training_Loss: 6.585708 Validation_Acc: 0.007
Epoch: 9 Training_Loss: 6.343398 Validation_Acc: 0.008
Epoch: 10 Training_Loss: 6.108810 Validation_Acc: 0.012
Epoch: 11 Training_Loss: 5.854756 Validation_Acc: 0.008
Epoch: 12 Training_Loss: 5.574852 Validation_Acc: 0.018
Epoch: 13 Training_Loss: 5.246294 Validation_Acc: 0.022
Epoch: 14 Training_Loss: 4.948874 Validation_Acc: 0.014
Epoch: 15 Training_Loss: 4.619634 Validation_Acc: 0.031
Epoch: 16 Training_Loss: 4.304802 Validation_Acc: 0.029
Epoch: 17 Training_Loss: 3.989792 Validation_Acc: 0.041
Epoch: 18 Training_Loss: 3.646331 Validation_Acc: 0.061
Epoch: 19 Training_Loss: 3.353048 Validation_Acc: 0.069
Epoch: 20 Training_Loss: 3.061036 Validation_Acc: 0.063
Epoch: 21 Training_Loss: 2.790221 Validation_Acc: 0.065
Epoch: 22 Training_Loss: 2.517790 Validation_Acc: 0.098
Epoch: 23 Training_Loss: 2.330416 Validation_Acc: 0.105
Epoch: 24 Training_Loss: 2.008852 Validation_Acc: 0.119
Epoch: 25 Training_Loss: 1.850054 Validation_Acc: 0.131
Epoch: 26 Training_Loss: 1.639962 Validation_Acc: 0.139
Epoch: 27 Training_Loss: 1.464994 Validation_Acc: 0.128
Epoch: 28 Training_Loss: 1.228534 Validation_Acc: 0.149
Epoch: 29 Training_Loss: 1.083467 Validation_Acc: 0.137
Epoch: 30 Training_Loss: 0.910599 Validation_Acc: 0.157
Epoch: 31 Training_Loss: 0.822566 Validation_Acc: 0.158
Epoch: 32 Training_Loss: 0.763828 Validation_Acc: 0.146
tEpoch: 33 Training_Loss: 0.682340 Validation_Acc: 0.178
Epoch: 34 Training_Loss: 0.561239 Validation_Acc: 0.169
Epoch: 35 Training_Loss: 0.530929 Validation_Acc: 0.174
Epoch: 36 Training_Loss: 0.462455 Validation_Acc: 0.168
Epoch: 37 Training_Loss: 0.388054 Validation_Acc: 0.173
Epoch: 38 Training_Loss: 0.378117 Validation_Acc: 0.189
Epoch: 39 Training_Loss: 0.343612 Validation_Acc: 0.189
Epoch: 40 Training_Loss: 0.288686 Validation_Acc: 0.189
Epoch: 41 Training_Loss: 0.266290 Validation_Acc: 0.188
Epoch: 42 Training_Loss: 0.259675 Validation_Acc: 0.177
Epoch: 43 Training_Loss: 0.303462 Validation_Acc: 0.189
Epoch: 44 Training_Loss: 0.208198 Validation_Acc: 0.188
Epoch: 45 Training_Loss: 0.259450 Validation_Acc: 0.186
Epoch: 46 Training_Loss: 0.223730 Validation_Acc: 0.191
Epoch: 47 Training_Loss: 0.241012 Validation_Acc: 0.197
Epoch: 48 Training_Loss: 0.181816 Validation_Acc: 0.191
Epoch: 49 Training_Loss: 0.245434 Validation_Acc: 0.192
Epoch: 50 Training_Loss: 0.155026 Validation_Acc: 0.190
Epoch: 51 Training_Loss: 0.120982 Validation_Acc: 0.206
Epoch: 52 Training_Loss: 0.244899 Validation_Acc: 0.190
Epoch: 53 Training_Loss: 0.201565 Validation_Acc: 0.195
Epoch: 54 Training_Loss: 0.154249 Validation_Acc: 0.200
Epoch: 55 Training_Loss: 0.152607 Validation_Acc: 0.198
Epoch: 56 Training_Loss: 0.146602 Validation_Acc: 0.181
Epoch: 57 Training_Loss: 0.165425 Validation_Acc: 0.191
Epoch: 58 Training_Loss: 0.104153 Validation_Acc: 0.187
Epoch: 59 Training_Loss: 0.128971 Validation_Acc: 0.206
Epoch: 60 Training_Loss: 0.167103 Validation_Acc: 0.195
Epoch: 61 Training_Loss: 0.151992 Validation_Acc: 0.185
Epoch: 62 Training_Loss: 0.172906 Validation_Acc: 0.199
Epoch: 63 Training_Loss: 0.116351 Validation_Acc: 0.196
Epoch: 64 Training_Loss: 0.141428 Validation_Acc: 0.200
Epoch: 65 Training_Loss: 0.141714 Validation_Acc: 0.200
Epoch: 66 Training_Loss: 0.088627 Validation_Acc: 0.202
Epoch: 67 Training_Loss: 0.078421 Validation_Acc: 0.202
Epoch: 68 Training_Loss: 0.121717 Validation_Acc: 0.202
Epoch: 69 Training_Loss: 0.141460 Validation_Acc: 0.187
Epoch: 70 Training_Loss: 0.113131 Validation_Acc: 0.202
Epoch: 71 Training_Loss: 0.134603 Validation_Acc: 0.196
Epoch: 72 Training_Loss: 0.094300 Validation_Acc: 0.195
Epoch: 73 Training_Loss: 0.071309 Validation_Acc: 0.200
Epoch: 74 Training_Loss: 0.066994 Validation_Acc: 0.197
Epoch: 75 Training_Loss: 0.138122 Validation_Acc: 0.198
Epoch: 76 Training_Loss: 0.077494 Validation_Acc: 0.198
Epoch: 77 Training_Loss: 0.056635 Validation_Acc: 0.201
Epoch: 78 Training_Loss: 0.129827 Validation_Acc: 0.205
Epoch: 79 Training_Loss: 0.128851 Validation_Acc: 0.195
Epoch: 80 Training_Loss: 0.078464 Validation_Acc: 0.211
Epoch: 81 Training_Loss: 0.097531 Validation_Acc: 0.207
Epoch: 82 Training_Loss: 0.074471 Validation_Acc: 0.216
Epoch: 83 Training_Loss: 0.053670 Validation_Acc: 0.217
Epoch: 84 Training_Loss: 0.045241 Validation_Acc: 0.206
Epoch: 85 Training_Loss: 0.079693 Validation_Acc: 0.210
Epoch: 86 Training_Loss: 0.085140 Validation_Acc: 0.204
Epoch: 87 Training_Loss: 0.202659 Validation_Acc: 0.204
Epoch: 88 Training_Loss: 0.076478 Validation_Acc: 0.205
Epoch: 89 Training_Loss: 0.099149 Validation_Acc: 0.198
Epoch: 90 Training_Loss: 0.076023 Validation_Acc: 0.198
Epoch: 91 Training_Loss: 0.077219 Validation_Acc: 0.205
Epoch: 92 Training_Loss: 0.042343 Validation_Acc: 0.211
Epoch: 93 Training_Loss: 0.037635 Validation_Acc: 0.212
Epoch: 94 Training_Loss: 0.030066 Validation_Acc: 0.213
Epoch: 95 Training_Loss: 0.102926 Validation_Acc: 0.206
Epoch: 96 Training_Loss: 0.108863 Validation_Acc: 0.207
Epoch: 97 Training_Loss: 0.094901 Validation_Acc: 0.196
Epoch: 98 Training_Loss: 0.034846 Validation_Acc: 0.208
Epoch: 99 Training_Loss: 0.035638 Validation_Acc: 0.206
Epoch: 100 Training_Loss: 0.096510 Validation_Acc: 0.190
Epoch: 101 Training_Loss: 0.067698 Validation_Acc: 0.211
Epoch: 102 Training_Loss: 0.047160 Validation_Acc: 0.206
Epoch: 103 Training_Loss: 0.059746 Validation_Acc: 0.200
Epoch: 104 Training_Loss: 0.102422 Validation_Acc: 0.198
Epoch: 105 Training_Loss: 0.067233 Validation_Acc: 0.199
Epoch: 106 Training_Loss: 0.043419 Validation_Acc: 0.212
Epoch: 107 Training_Loss: 0.034368 Validation_Acc: 0.212
Epoch: 108 Training_Loss: 0.033591 Validation_Acc: 0.213
Epoch: 109 Training_Loss: 0.030660 Validation_Acc: 0.212
Epoch: 110 Training_Loss: 0.039376 Validation_Acc: 0.189
Epoch: 111 Training_Loss: 0.088802 Validation_Acc: 0.209
Epoch: 112 Training_Loss: 0.086087 Validation_Acc: 0.197
Epoch: 113 Training_Loss: 0.053275 Validation_Acc: 0.213
Epoch: 114 Training_Loss: 0.056330 Validation_Acc: 0.216
Epoch: 115 Training_Loss: 0.032743 Validation_Acc: 0.211
Epoch: 116 Training_Loss: 0.071012 Validation_Acc: 0.208
Epoch: 117 Training_Loss: 0.055122 Validation_Acc: 0.211
Epoch: 118 Training_Loss: 0.044762 Validation_Acc: 0.206
Epoch: 119 Training_Loss: 0.059976 Validation_Acc: 0.206
Epoch: 120 Training_Loss: 0.052892 Validation_Acc: 0.215
Epoch: 121 Training_Loss: 0.047326 Validation_Acc: 0.205
Epoch: 122 Training_Loss: 0.049075 Validation_Acc: 0.205
Epoch: 123 Training_Loss: 0.060865 Validation_Acc: 0.215
Epoch: 124 Training_Loss: 0.060538 Validation_Acc: 0.166
Epoch: 125 Training_Loss: 0.048169 Validation_Acc: 0.216
Epoch: 126 Training_Loss: 0.083519 Validation_Acc: 0.191
Epoch: 127 Training_Loss: 0.040513 Validation_Acc: 0.217
Epoch: 128 Training_Loss: 0.040034 Validation_Acc: 0.209
Epoch: 129 Training_Loss: 0.054908 Validation_Acc: 0.218
Epoch: 130 Training_Loss: 0.054328 Validation_Acc: 0.212
Epoch: 131 Training_Loss: 0.031895 Validation_Acc: 0.212
Epoch: 132 Training_Loss: 0.082035 Validation_Acc: 0.198
Epoch: 133 Training_Loss: 0.027076 Validation_Acc: 0.215
Epoch: 134 Training_Loss: 0.018943 Validation_Acc: 0.218
Epoch: 135 Training_Loss: 0.023119 Validation_Acc: 0.197
Epoch: 136 Training_Loss: 0.081611 Validation_Acc: 0.212
Epoch: 137 Training_Loss: 0.070927 Validation_Acc: 0.206
Epoch: 138 Training_Loss: 0.073937 Validation_Acc: 0.210
Epoch: 139 Training_Loss: 0.071889 Validation_Acc: 0.208
Epoch: 140 Training_Loss: 0.036374 Validation_Acc: 0.202
Epoch: 141 Training_Loss: 0.040704 Validation_Acc: 0.208
Epoch: 142 Training_Loss: 0.045185 Validation_Acc: 0.212
Epoch: 143 Training_Loss: 0.025880 Validation_Acc: 0.215
Epoch: 144 Training_Loss: 0.039471 Validation_Acc: 0.207
Epoch: 145 Training_Loss: 0.032717 Validation_Acc: 0.221
Epoch: 146 Training_Loss: 0.045381 Validation_Acc: 0.206
Epoch: 147 Training_Loss: 0.023231 Validation_Acc: 0.210
Epoch: 148 Training_Loss: 0.042755 Validation_Acc: 0.208
Epoch: 149 Training_Loss: 0.061817 Validation_Acc: 0.211
Epoch: 150 Training_Loss: 0.037171 Validation_Acc: 0.206
Epoch: 151 Training_Loss: 0.031992 Validation_Acc: 0.213
Epoch: 152 Training_Loss: 0.018321 Validation_Acc: 0.213
Epoch: 153 Training_Loss: 0.024644 Validation_Acc: 0.216
Epoch: 154 Training_Loss: 0.031594 Validation_Acc: 0.213
Epoch: 155 Training_Loss: 0.027506 Validation_Acc: 0.211
Epoch: 156 Training_Loss: 0.032541 Validation_Acc: 0.201
Epoch: 157 Training_Loss: 0.038606 Validation_Acc: 0.205
Epoch: 158 Training_Loss: 0.053961 Validation_Acc: 0.208
Epoch: 159 Training_Loss: 0.024422 Validation_Acc: 0.213
Epoch: 160 Training_Loss: 0.082651 Validation_Acc: 0.218
Epoch: 161 Training_Loss: 0.041990 Validation_Acc: 0.213
Epoch: 162 Training_Loss: 0.026373 Validation_Acc: 0.215
Epoch: 163 Training_Loss: 0.031682 Validation_Acc: 0.213
Epoch: 164 Training_Loss: 0.034161 Validation_Acc: 0.217
Epoch: 165 Training_Loss: 0.040416 Validation_Acc: 0.213
Epoch: 166 Training_Loss: 0.033775 Validation_Acc: 0.218
Epoch: 167 Training_Loss: 0.038374 Validation_Acc: 0.215
Epoch: 168 Training_Loss: 0.040150 Validation_Acc: 0.223
Epoch: 169 Training_Loss: 0.030885 Validation_Acc: 0.210
Epoch: 170 Training_Loss: 0.035521 Validation_Acc: 0.209
Epoch: 171 Training_Loss: 0.028551 Validation_Acc: 0.215
Epoch: 172 Training_Loss: 0.036651 Validation_Acc: 0.208
Epoch: 173 Training_Loss: 0.079253 Validation_Acc: 0.207
Epoch: 174 Training_Loss: 0.055081 Validation_Acc: 0.207
Epoch: 175 Training_Loss: 0.028182 Validation_Acc: 0.220
Epoch: 176 Training_Loss: 0.017321 Validation_Acc: 0.219
Epoch: 177 Training_Loss: 0.010624 Validation_Acc: 0.227
Epoch: 178 Training_Loss: 0.007301 Validation_Acc: 0.226
Epoch: 179 Training_Loss: 0.018025 Validation_Acc: 0.213
Epoch: 180 Training_Loss: 0.022681 Validation_Acc: 0.211
Epoch: 181 Training_Loss: 0.023051 Validation_Acc: 0.216
Epoch: 182 Training_Loss: 0.051177 Validation_Acc: 0.196
Epoch: 183 Training_Loss: 0.036869 Validation_Acc: 0.220
Epoch: 184 Training_Loss: 0.018797 Validation_Acc: 0.209
Epoch: 185 Training_Loss: 0.018783 Validation_Acc: 0.210
Epoch: 186 Training_Loss: 0.017037 Validation_Acc: 0.206
Epoch: 187 Training_Loss: 0.025242 Validation_Acc: 0.218
Epoch: 188 Training_Loss: 0.033572 Validation_Acc: 0.218
Epoch: 189 Training_Loss: 0.033432 Validation_Acc: 0.217
Epoch: 190 Training_Loss: 0.064115 Validation_Acc: 0.208
Epoch: 191 Training_Loss: 0.038076 Validation_Acc: 0.210
Epoch: 192 Training_Loss: 0.032777 Validation_Acc: 0.217
Epoch: 193 Training_Loss: 0.033308 Validation_Acc: 0.215
Epoch: 194 Training_Loss: 0.026117 Validation_Acc: 0.208
Epoch: 195 Training_Loss: 0.023139 Validation_Acc: 0.219
Epoch: 196 Training_Loss: 0.029057 Validation_Acc: 0.226
Epoch: 197 Training_Loss: 0.023137 Validation_Acc: 0.222
Epoch: 198 Training_Loss: 0.013487 Validation_Acc: 0.221
Epoch: 199 Training_Loss: 0.008613 Validation_Acc: 0.210
Epoch: 200 Training_Loss: 0.042981 Validation_Acc: 0.219
Epoch: 201 Training_Loss: 0.029804 Validation_Acc: 0.215
Epoch: 202 Training_Loss: 0.030615 Validation_Acc: 0.217
Epoch: 203 Training_Loss: 0.013568 Validation_Acc: 0.219
Epoch: 204 Training_Loss: 0.007140 Validation_Acc: 0.210
Epoch: 205 Training_Loss: 0.009855 Validation_Acc: 0.213
Epoch: 206 Training_Loss: 0.009141 Validation_Acc: 0.220
Epoch: 207 Training_Loss: 0.012403 Validation_Acc: 0.210
Epoch: 208 Training_Loss: 0.016065 Validation_Acc: 0.221
Epoch: 209 Training_Loss: 0.014950 Validation_Acc: 0.215
Epoch: 210 Training_Loss: 0.022212 Validation_Acc: 0.213
Epoch: 211 Training_Loss: 0.048030 Validation_Acc: 0.206
Epoch: 212 Training_Loss: 0.042962 Validation_Acc: 0.202
Epoch: 213 Training_Loss: 0.030701 Validation_Acc: 0.217
Epoch: 214 Training_Loss: 0.020213 Validation_Acc: 0.219
Epoch: 215 Training_Loss: 0.022850 Validation_Acc: 0.210
Epoch: 216 Training_Loss: 0.036119 Validation_Acc: 0.207
Epoch: 217 Training_Loss: 0.022516 Validation_Acc: 0.217
Epoch: 218 Training_Loss: 0.043686 Validation_Acc: 0.218
Epoch: 219 Training_Loss: 0.022941 Validation_Acc: 0.219
Epoch: 220 Training_Loss: 0.014845 Validation_Acc: 0.228
Epoch: 221 Training_Loss: 0.032650 Validation_Acc: 0.212
Epoch: 222 Training_Loss: 0.035856 Validation_Acc: 0.221
Epoch: 223 Training_Loss: 0.029984 Validation_Acc: 0.212
Epoch: 224 Training_Loss: 0.012322 Validation_Acc: 0.216
Epoch: 225 Training_Loss: 0.038129 Validation_Acc: 0.222
Epoch: 226 Training_Loss: 0.029414 Validation_Acc: 0.219
Epoch: 227 Training_Loss: 0.017422 Validation_Acc: 0.221
Epoch: 228 Training_Loss: 0.007913 Validation_Acc: 0.216
Epoch: 229 Training_Loss: 0.036496 Validation_Acc: 0.196
Epoch: 230 Training_Loss: 0.028180 Validation_Acc: 0.226
Epoch: 231 Training_Loss: 0.013708 Validation_Acc: 0.225
Epoch: 232 Training_Loss: 0.011240 Validation_Acc: 0.229
Epoch: 233 Training_Loss: 0.012734 Validation_Acc: 0.225
Epoch: 234 Training_Loss: 0.010080 Validation_Acc: 0.227
Epoch: 235 Training_Loss: 0.015018 Validation_Acc: 0.223
Epoch: 236 Training_Loss: 0.008971 Validation_Acc: 0.225
Epoch: 237 Training_Loss: 0.010700 Validation_Acc: 0.222
Epoch: 238 Training_Loss: 0.008204 Validation_Acc: 0.223
Epoch: 239 Training_Loss: 0.018032 Validation_Acc: 0.213
Epoch: 240 Training_Loss: 0.017652 Validation_Acc: 0.212
Epoch: 241 Training_Loss: 0.023178 Validation_Acc: 0.211
Epoch: 242 Training_Loss: 0.029117 Validation_Acc: 0.227
Epoch: 243 Training_Loss: 0.024657 Validation_Acc: 0.213
Epoch: 244 Training_Loss: 0.070869 Validation_Acc: 0.212
Epoch: 245 Training_Loss: 0.021829 Validation_Acc: 0.210
Epoch: 246 Training_Loss: 0.031225 Validation_Acc: 0.216
Epoch: 247 Training_Loss: 0.031071 Validation_Acc: 0.222
Epoch: 248 Training_Loss: 0.010581 Validation_Acc: 0.228
Epoch: 249 Training_Loss: 0.015361 Validation_Acc: 0.218
Epoch: 250 Training_Loss: 0.021252 Validation_Acc: 0.204
Epoch: 251 Training_Loss: 0.052114 Validation_Acc: 0.226
Epoch: 252 Training_Loss: 0.014045 Validation_Acc: 0.222
Epoch: 253 Training_Loss: 0.011262 Validation_Acc: 0.230
Epoch: 254 Training_Loss: 0.017579 Validation_Acc: 0.228
Epoch: 255 Training_Loss: 0.010157 Validation_Acc: 0.227
Epoch: 256 Training_Loss: 0.006758 Validation_Acc: 0.231
Epoch: 257 Training_Loss: 0.009254 Validation_Acc: 0.216
Epoch: 258 Training_Loss: 0.006850 Validation_Acc: 0.229
Epoch: 259 Training_Loss: 0.004285 Validation_Acc: 0.228
Epoch: 260 Training_Loss: 0.008699 Validation_Acc: 0.229
Epoch: 261 Training_Loss: 0.008384 Validation_Acc: 0.218
Epoch: 262 Training_Loss: 0.026943 Validation_Acc: 0.217
Epoch: 263 Training_Loss: 0.028365 Validation_Acc: 0.221
Epoch: 264 Training_Loss: 0.018384 Validation_Acc: 0.223
Epoch: 265 Training_Loss: 0.014535 Validation_Acc: 0.216
Epoch: 266 Training_Loss: 0.047166 Validation_Acc: 0.210
Epoch: 267 Training_Loss: 0.019726 Validation_Acc: 0.223
Epoch: 268 Training_Loss: 0.012201 Validation_Acc: 0.216
Epoch: 269 Training_Loss: 0.020316 Validation_Acc: 0.223
Epoch: 270 Training_Loss: 0.009737 Validation_Acc: 0.218
Epoch: 271 Training_Loss: 0.010767 Validation_Acc: 0.232
Epoch: 272 Training_Loss: 0.007002 Validation_Acc: 0.223
Epoch: 273 Training_Loss: 0.019426 Validation_Acc: 0.223
Epoch: 274 Training_Loss: 0.016580 Validation_Acc: 0.218
Epoch: 275 Training_Loss: 0.020035 Validation_Acc: 0.219
Epoch: 276 Training_Loss: 0.016115 Validation_Acc: 0.221
Epoch: 277 Training_Loss: 0.010822 Validation_Acc: 0.220
Epoch: 278 Training_Loss: 0.021795 Validation_Acc: 0.205
Epoch: 279 Training_Loss: 0.022268 Validation_Acc: 0.206
Epoch: 280 Training_Loss: 0.017308 Validation_Acc: 0.211
Epoch: 281 Training_Loss: 0.011109 Validation_Acc: 0.222
Epoch: 282 Training_Loss: 0.011959 Validation_Acc: 0.210
Epoch: 283 Training_Loss: 0.017272 Validation_Acc: 0.222
Epoch: 284 Training_Loss: 0.010651 Validation_Acc: 0.216
Epoch: 285 Training_Loss: 0.011359 Validation_Acc: 0.215
Epoch: 286 Training_Loss: 0.014515 Validation_Acc: 0.215
Epoch: 287 Training_Loss: 0.011733 Validation_Acc: 0.197
Epoch: 288 Training_Loss: 0.024612 Validation_Acc: 0.220
Epoch: 289 Training_Loss: 0.017864 Validation_Acc: 0.218
Epoch: 290 Training_Loss: 0.033603 Validation_Acc: 0.219
Epoch: 291 Training_Loss: 0.016650 Validation_Acc: 0.221
Epoch: 292 Training_Loss: 0.014827 Validation_Acc: 0.217
Epoch: 293 Training_Loss: 0.021148 Validation_Acc: 0.222
Epoch: 294 Training_Loss: 0.021364 Validation_Acc: 0.216
Epoch: 295 Training_Loss: 0.007520 Validation_Acc: 0.215
Epoch: 296 Training_Loss: 0.007667 Validation_Acc: 0.216
Epoch: 297 Training_Loss: 0.005346 Validation_Acc: 0.222
Epoch: 298 Training_Loss: 0.003623 Validation_Acc: 0.228
Epoch: 299 Training_Loss: 0.006856 Validation_Acc: 0.219
Epoch: 300 Training_Loss: 0.036156 Validation_Acc: 0.210

