
Train file         = splits/train_5.7k_cropped_remapped.txt
Val file           = splits/val_5.7k_cropped_remapped.txt
Run No             = 7
Model save folder  = models/run_7
-------------------------------
Optimisation Parameters
-------------------------------
lr                 = 0.00050
epochs             = 300
Batch size         = 64
Test Batch size    = 32
Using device: cuda
Using resnet 50
Using Dropout
Epoch: 1 Training_Loss: 8.396541 Validation_Acc: 0.002
Epoch: 2 Training_Loss: 8.125013 Validation_Acc: 0.001
Epoch: 3 Training_Loss: 8.028150 Validation_Acc: 0.001
Epoch: 4 Training_Loss: 7.954534 Validation_Acc: 0.001
Epoch: 5 Training_Loss: 7.835409 Validation_Acc: 0.002
Epoch: 6 Training_Loss: 7.725496 Validation_Acc: 0.009
Epoch: 7 Training_Loss: 7.527316 Validation_Acc: 0.007
Epoch: 8 Training_Loss: 7.355108 Validation_Acc: 0.007
Epoch: 9 Training_Loss: 7.154221 Validation_Acc: 0.009
Epoch: 10 Training_Loss: 6.954295 Validation_Acc: 0.010
Epoch: 11 Training_Loss: 6.761076 Validation_Acc: 0.012
Epoch: 12 Training_Loss: 6.579418 Validation_Acc: 0.012
Epoch: 13 Training_Loss: 6.394194 Validation_Acc: 0.011
Epoch: 14 Training_Loss: 6.200092 Validation_Acc: 0.013
Epoch: 15 Training_Loss: 6.030284 Validation_Acc: 0.019
Epoch: 16 Training_Loss: 5.800692 Validation_Acc: 0.015
Epoch: 17 Training_Loss: 5.623665 Validation_Acc: 0.018
Epoch: 18 Training_Loss: 5.432865 Validation_Acc: 0.015
Epoch: 19 Training_Loss: 5.230172 Validation_Acc: 0.025
Epoch: 20 Training_Loss: 5.052236 Validation_Acc: 0.024
Epoch: 21 Training_Loss: 4.838177 Validation_Acc: 0.024
Epoch: 22 Training_Loss: 4.638522 Validation_Acc: 0.035
Epoch: 23 Training_Loss: 4.443468 Validation_Acc: 0.028
Epoch: 24 Training_Loss: 4.254724 Validation_Acc: 0.033
Epoch: 25 Training_Loss: 4.093303 Validation_Acc: 0.051
Epoch: 26 Training_Loss: 3.865526 Validation_Acc: 0.055
Epoch: 27 Training_Loss: 3.673828 Validation_Acc: 0.061
Epoch: 28 Training_Loss: 3.487431 Validation_Acc: 0.055
Epoch: 29 Training_Loss: 3.295963 Validation_Acc: 0.063
Epoch: 30 Training_Loss: 3.127835 Validation_Acc: 0.088
Epoch: 31 Training_Loss: 2.913101 Validation_Acc: 0.097
Epoch: 32 Training_Loss: 2.723825 Validation_Acc: 0.110
Epoch: 33 Training_Loss: 2.576976 Validation_Acc: 0.115
Epoch: 34 Training_Loss: 2.415809 Validation_Acc: 0.115
Epoch: 35 Training_Loss: 2.227433 Validation_Acc: 0.132
Epoch: 36 Training_Loss: 2.071292 Validation_Acc: 0.131
Epoch: 37 Training_Loss: 1.941512 Validation_Acc: 0.129
Epoch: 38 Training_Loss: 1.793520 Validation_Acc: 0.123
Epoch: 39 Training_Loss: 1.627475 Validation_Acc: 0.144
Epoch: 40 Training_Loss: 1.504358 Validation_Acc: 0.157
Epoch: 41 Training_Loss: 1.392339 Validation_Acc: 0.149
Epoch: 42 Training_Loss: 1.284701 Validation_Acc: 0.174
Epoch: 43 Training_Loss: 1.201380 Validation_Acc: 0.168
Epoch: 44 Training_Loss: 1.109719 Validation_Acc: 0.171
Epoch: 45 Training_Loss: 1.008384 Validation_Acc: 0.177
Epoch: 46 Training_Loss: 0.934722 Validation_Acc: 0.167
Epoch: 47 Training_Loss: 0.898076 Validation_Acc: 0.185
Epoch: 48 Training_Loss: 0.803333 Validation_Acc: 0.187
Epoch: 49 Training_Loss: 0.764048 Validation_Acc: 0.184
Epoch: 50 Training_Loss: 0.742884 Validation_Acc: 0.190
Epoch: 51 Training_Loss: 0.709002 Validation_Acc: 0.180
Epoch: 52 Training_Loss: 0.624433 Validation_Acc: 0.189
Epoch: 53 Training_Loss: 0.590783 Validation_Acc: 0.190
Epoch: 54 Training_Loss: 0.577692 Validation_Acc: 0.201
Epoch: 55 Training_Loss: 0.531469 Validation_Acc: 0.188
Epoch: 56 Training_Loss: 0.480699 Validation_Acc: 0.192
Epoch: 57 Training_Loss: 0.491488 Validation_Acc: 0.190
Epoch: 58 Training_Loss: 0.464502 Validation_Acc: 0.202
Epoch: 59 Training_Loss: 0.406049 Validation_Acc: 0.201
Epoch: 60 Training_Loss: 0.382168 Validation_Acc: 0.195
Epoch: 61 Training_Loss: 0.358171 Validation_Acc: 0.207
Epoch: 62 Training_Loss: 0.360909 Validation_Acc: 0.197
Epoch: 63 Training_Loss: 0.349176 Validation_Acc: 0.200
Epoch: 64 Training_Loss: 0.315546 Validation_Acc: 0.205
Epoch: 65 Training_Loss: 0.334681 Validation_Acc: 0.195
Epoch: 66 Training_Loss: 0.309120 Validation_Acc: 0.209
Epoch: 67 Training_Loss: 0.294702 Validation_Acc: 0.202
Epoch: 68 Training_Loss: 0.308681 Validation_Acc: 0.201
Epoch: 69 Training_Loss: 0.254504 Validation_Acc: 0.207
Epoch: 70 Training_Loss: 0.281161 Validation_Acc: 0.212
Epoch: 71 Training_Loss: 0.239628 Validation_Acc: 0.201
Epoch: 72 Training_Loss: 0.201974 Validation_Acc: 0.183
Epoch: 73 Training_Loss: 0.267894 Validation_Acc: 0.210
Epoch: 74 Training_Loss: 0.292672 Validation_Acc: 0.209
Epoch: 75 Training_Loss: 0.232110 Validation_Acc: 0.213
Epoch: 76 Training_Loss: 0.206409 Validation_Acc: 0.197
Epoch: 77 Training_Loss: 0.270810 Validation_Acc: 0.204
Epoch: 78 Training_Loss: 0.188141 Validation_Acc: 0.223
Epoch: 79 Training_Loss: 0.212297 Validation_Acc: 0.205
Epoch: 80 Training_Loss: 0.211067 Validation_Acc: 0.210
Epoch: 81 Training_Loss: 0.188009 Validation_Acc: 0.210
Epoch: 82 Training_Loss: 0.182828 Validation_Acc: 0.211
Epoch: 83 Training_Loss: 0.191442 Validation_Acc: 0.210
Epoch: 84 Training_Loss: 0.204604 Validation_Acc: 0.209
Epoch: 85 Training_Loss: 0.184489 Validation_Acc: 0.216
Epoch: 86 Training_Loss: 0.210651 Validation_Acc: 0.198
Epoch: 87 Training_Loss: 0.198834 Validation_Acc: 0.207
Epoch: 88 Training_Loss: 0.178166 Validation_Acc: 0.209
Epoch: 89 Training_Loss: 0.170462 Validation_Acc: 0.201
Epoch: 90 Training_Loss: 0.165561 Validation_Acc: 0.212
Epoch: 91 Training_Loss: 0.129350 Validation_Acc: 0.215
Epoch: 92 Training_Loss: 0.149774 Validation_Acc: 0.223
Epoch: 93 Training_Loss: 0.157557 Validation_Acc: 0.222
Epoch: 94 Training_Loss: 0.155501 Validation_Acc: 0.204
Epoch: 95 Training_Loss: 0.167501 Validation_Acc: 0.218
Epoch: 96 Training_Loss: 0.139356 Validation_Acc: 0.213
Epoch: 97 Training_Loss: 0.102194 Validation_Acc: 0.209
Epoch: 98 Training_Loss: 0.179026 Validation_Acc: 0.213
Epoch: 99 Training_Loss: 0.116510 Validation_Acc: 0.211
Epoch: 100 Training_Loss: 0.173528 Validation_Acc: 0.220
Epoch: 101 Training_Loss: 0.193213 Validation_Acc: 0.195
Epoch: 102 Training_Loss: 0.212929 Validation_Acc: 0.212
Epoch: 103 Training_Loss: 0.146802 Validation_Acc: 0.220
Epoch: 104 Training_Loss: 0.105669 Validation_Acc: 0.221
Epoch: 105 Training_Loss: 0.107254 Validation_Acc: 0.221
Epoch: 106 Training_Loss: 0.130192 Validation_Acc: 0.218
Epoch: 107 Training_Loss: 0.116786 Validation_Acc: 0.213
Epoch: 108 Training_Loss: 0.147163 Validation_Acc: 0.207
Epoch: 109 Training_Loss: 0.098295 Validation_Acc: 0.211
Epoch: 110 Training_Loss: 0.081705 Validation_Acc: 0.220
Epoch: 111 Training_Loss: 0.074049 Validation_Acc: 0.225
Epoch: 112 Training_Loss: 0.103283 Validation_Acc: 0.201
Epoch: 113 Training_Loss: 0.106479 Validation_Acc: 0.205
Epoch: 114 Training_Loss: 0.118632 Validation_Acc: 0.209
Epoch: 115 Training_Loss: 0.159852 Validation_Acc: 0.207
Epoch: 116 Training_Loss: 0.123389 Validation_Acc: 0.226
Epoch: 117 Training_Loss: 0.146843 Validation_Acc: 0.223
Epoch: 118 Training_Loss: 0.151381 Validation_Acc: 0.212
Epoch: 119 Training_Loss: 0.106134 Validation_Acc: 0.217
Epoch: 120 Training_Loss: 0.136251 Validation_Acc: 0.212
Epoch: 121 Training_Loss: 0.105369 Validation_Acc: 0.226
Epoch: 122 Training_Loss: 0.112385 Validation_Acc: 0.227
Epoch: 123 Training_Loss: 0.111791 Validation_Acc: 0.223
Epoch: 124 Training_Loss: 0.090187 Validation_Acc: 0.222
Epoch: 125 Training_Loss: 0.086027 Validation_Acc: 0.225
Epoch: 126 Training_Loss: 0.089604 Validation_Acc: 0.222
Epoch: 127 Training_Loss: 0.068842 Validation_Acc: 0.229
Epoch: 128 Training_Loss: 0.092293 Validation_Acc: 0.223
Epoch: 129 Training_Loss: 0.068203 Validation_Acc: 0.218
Epoch: 130 Training_Loss: 0.092380 Validation_Acc: 0.222
Epoch: 131 Training_Loss: 0.085085 Validation_Acc: 0.219
Epoch: 132 Training_Loss: 0.069785 Validation_Acc: 0.229
Epoch: 133 Training_Loss: 0.093216 Validation_Acc: 0.225
Epoch: 134 Training_Loss: 0.119962 Validation_Acc: 0.225
Epoch: 135 Training_Loss: 0.138264 Validation_Acc: 0.217
Epoch: 136 Training_Loss: 0.101105 Validation_Acc: 0.216
Epoch: 137 Training_Loss: 0.088818 Validation_Acc: 0.222
Epoch: 138 Training_Loss: 0.108209 Validation_Acc: 0.212
Epoch: 139 Training_Loss: 0.117334 Validation_Acc: 0.211
Epoch: 140 Training_Loss: 0.118875 Validation_Acc: 0.217
Epoch: 141 Training_Loss: 0.058635 Validation_Acc: 0.225
Epoch: 142 Training_Loss: 0.058002 Validation_Acc: 0.216
Epoch: 143 Training_Loss: 0.056490 Validation_Acc: 0.227
Epoch: 144 Training_Loss: 0.093127 Validation_Acc: 0.209
Epoch: 145 Training_Loss: 0.105726 Validation_Acc: 0.218
Epoch: 146 Training_Loss: 0.080353 Validation_Acc: 0.221
Epoch: 147 Training_Loss: 0.055785 Validation_Acc: 0.231
Epoch: 148 Training_Loss: 0.056941 Validation_Acc: 0.229
Epoch: 149 Training_Loss: 0.068697 Validation_Acc: 0.212
Epoch: 150 Training_Loss: 0.078910 Validation_Acc: 0.221
Epoch: 151 Training_Loss: 0.092598 Validation_Acc: 0.228
Epoch: 152 Training_Loss: 0.055926 Validation_Acc: 0.213
Epoch: 153 Training_Loss: 0.066984 Validation_Acc: 0.228
Epoch: 154 Training_Loss: 0.045760 Validation_Acc: 0.231
Epoch: 155 Training_Loss: 0.037652 Validation_Acc: 0.222
Epoch: 156 Training_Loss: 0.059292 Validation_Acc: 0.233
Epoch: 157 Training_Loss: 0.085347 Validation_Acc: 0.230
Epoch: 158 Training_Loss: 0.094115 Validation_Acc: 0.230
Epoch: 159 Training_Loss: 0.076339 Validation_Acc: 0.221
Epoch: 160 Training_Loss: 0.092113 Validation_Acc: 0.233
Epoch: 161 Training_Loss: 0.079041 Validation_Acc: 0.235
Epoch: 162 Training_Loss: 0.076910 Validation_Acc: 0.227
Epoch: 163 Training_Loss: 0.069822 Validation_Acc: 0.233
Epoch: 164 Training_Loss: 0.067009 Validation_Acc: 0.226
Epoch: 165 Training_Loss: 0.094194 Validation_Acc: 0.227
Epoch: 166 Training_Loss: 0.055327 Validation_Acc: 0.226
Epoch: 167 Training_Loss: 0.089494 Validation_Acc: 0.217
Epoch: 168 Training_Loss: 0.078607 Validation_Acc: 0.223
Epoch: 169 Training_Loss: 0.080588 Validation_Acc: 0.223
Epoch: 170 Training_Loss: 0.055369 Validation_Acc: 0.229
Epoch: 171 Training_Loss: 0.042269 Validation_Acc: 0.227
Epoch: 172 Training_Loss: 0.085892 Validation_Acc: 0.217
Epoch: 173 Training_Loss: 0.069878 Validation_Acc: 0.222
Epoch: 174 Training_Loss: 0.085032 Validation_Acc: 0.223
Epoch: 175 Training_Loss: 0.045898 Validation_Acc: 0.238
Epoch: 176 Training_Loss: 0.073050 Validation_Acc: 0.232
Epoch: 177 Training_Loss: 0.065092 Validation_Acc: 0.229
Epoch: 178 Training_Loss: 0.042885 Validation_Acc: 0.239
Epoch: 179 Training_Loss: 0.089004 Validation_Acc: 0.232
Epoch: 180 Training_Loss: 0.088853 Validation_Acc: 0.236
Epoch: 181 Training_Loss: 0.051555 Validation_Acc: 0.240
Epoch: 182 Training_Loss: 0.035740 Validation_Acc: 0.240
Epoch: 183 Training_Loss: 0.036760 Validation_Acc: 0.239
Epoch: 184 Training_Loss: 0.037597 Validation_Acc: 0.232
Epoch: 185 Training_Loss: 0.101172 Validation_Acc: 0.232
Epoch: 186 Training_Loss: 0.061814 Validation_Acc: 0.231
Epoch: 187 Training_Loss: 0.064527 Validation_Acc: 0.230
Epoch: 188 Training_Loss: 0.039902 Validation_Acc: 0.235
Epoch: 189 Training_Loss: 0.069693 Validation_Acc: 0.231
Epoch: 190 Training_Loss: 0.039654 Validation_Acc: 0.228
Epoch: 191 Training_Loss: 0.042343 Validation_Acc: 0.233
Epoch: 192 Training_Loss: 0.087516 Validation_Acc: 0.235
Epoch: 193 Training_Loss: 0.088012 Validation_Acc: 0.217
Epoch: 194 Training_Loss: 0.056493 Validation_Acc: 0.225
Epoch: 195 Training_Loss: 0.073659 Validation_Acc: 0.233
Epoch: 196 Training_Loss: 0.049663 Validation_Acc: 0.232
Epoch: 197 Training_Loss: 0.032963 Validation_Acc: 0.230
Epoch: 198 Training_Loss: 0.060376 Validation_Acc: 0.247
Epoch: 199 Training_Loss: 0.049019 Validation_Acc: 0.233
Epoch: 200 Training_Loss: 0.077506 Validation_Acc: 0.227
Epoch: 201 Training_Loss: 0.038832 Validation_Acc: 0.232
Epoch: 202 Training_Loss: 0.037564 Validation_Acc: 0.231
Epoch: 203 Training_Loss: 0.027501 Validation_Acc: 0.228
Epoch: 204 Training_Loss: 0.032683 Validation_Acc: 0.225
Epoch: 205 Training_Loss: 0.066385 Validation_Acc: 0.228
Epoch: 206 Training_Loss: 0.068402 Validation_Acc: 0.225
Epoch: 207 Training_Loss: 0.068356 Validation_Acc: 0.227
Epoch: 208 Training_Loss: 0.064504 Validation_Acc: 0.235
Epoch: 209 Training_Loss: 0.053274 Validation_Acc: 0.229
Epoch: 210 Training_Loss: 0.070426 Validation_Acc: 0.238
Epoch: 211 Training_Loss: 0.050122 Validation_Acc: 0.227
Epoch: 212 Training_Loss: 0.065878 Validation_Acc: 0.226
Epoch: 213 Training_Loss: 0.067331 Validation_Acc: 0.235
Epoch: 214 Training_Loss: 0.041102 Validation_Acc: 0.237
Epoch: 215 Training_Loss: 0.041607 Validation_Acc: 0.236
Epoch: 216 Training_Loss: 0.038773 Validation_Acc: 0.240
Epoch: 217 Training_Loss: 0.038299 Validation_Acc: 0.233
Epoch: 218 Training_Loss: 0.047819 Validation_Acc: 0.229
Epoch: 219 Training_Loss: 0.046507 Validation_Acc: 0.225
Epoch: 220 Training_Loss: 0.058293 Validation_Acc: 0.229
Epoch: 221 Training_Loss: 0.057435 Validation_Acc: 0.227
Epoch: 222 Training_Loss: 0.046126 Validation_Acc: 0.236
Epoch: 223 Training_Loss: 0.049809 Validation_Acc: 0.233
Epoch: 224 Training_Loss: 0.027777 Validation_Acc: 0.238
Epoch: 225 Training_Loss: 0.047241 Validation_Acc: 0.230
Epoch: 226 Training_Loss: 0.031138 Validation_Acc: 0.243
Epoch: 227 Training_Loss: 0.025613 Validation_Acc: 0.240
Epoch: 228 Training_Loss: 0.040269 Validation_Acc: 0.219
Epoch: 229 Training_Loss: 0.081528 Validation_Acc: 0.232
Epoch: 230 Training_Loss: 0.051279 Validation_Acc: 0.227
Epoch: 231 Training_Loss: 0.065163 Validation_Acc: 0.229
Epoch: 232 Training_Loss: 0.109786 Validation_Acc: 0.222
Epoch: 233 Training_Loss: 0.091579 Validation_Acc: 0.225
Epoch: 234 Training_Loss: 0.050256 Validation_Acc: 0.241
Epoch: 235 Training_Loss: 0.045567 Validation_Acc: 0.243
Epoch: 236 Training_Loss: 0.021235 Validation_Acc: 0.240
Epoch: 237 Training_Loss: 0.031409 Validation_Acc: 0.241
Epoch: 238 Training_Loss: 0.030990 Validation_Acc: 0.227
Epoch: 239 Training_Loss: 0.026761 Validation_Acc: 0.236
Epoch: 240 Training_Loss: 0.023930 Validation_Acc: 0.238
Epoch: 241 Training_Loss: 0.018310 Validation_Acc: 0.240
Epoch: 242 Training_Loss: 0.035157 Validation_Acc: 0.241
Epoch: 243 Training_Loss: 0.067170 Validation_Acc: 0.213
Epoch: 244 Training_Loss: 0.064063 Validation_Acc: 0.232
Epoch: 245 Training_Loss: 0.052717 Validation_Acc: 0.241
Epoch: 246 Training_Loss: 0.027602 Validation_Acc: 0.227
Epoch: 247 Training_Loss: 0.043894 Validation_Acc: 0.235
Epoch: 248 Training_Loss: 0.061800 Validation_Acc: 0.229
Epoch: 249 Training_Loss: 0.047466 Validation_Acc: 0.230
Epoch: 250 Training_Loss: 0.024361 Validation_Acc: 0.236
Epoch: 251 Training_Loss: 0.046651 Validation_Acc: 0.237
Epoch: 252 Training_Loss: 0.038622 Validation_Acc: 0.235
Epoch: 253 Training_Loss: 0.028245 Validation_Acc: 0.231
Epoch: 254 Training_Loss: 0.049256 Validation_Acc: 0.235
Epoch: 255 Training_Loss: 0.043169 Validation_Acc: 0.244
Epoch: 256 Training_Loss: 0.043960 Validation_Acc: 0.242
Epoch: 257 Training_Loss: 0.048836 Validation_Acc: 0.231
Epoch: 258 Training_Loss: 0.047558 Validation_Acc: 0.243
Epoch: 259 Training_Loss: 0.040786 Validation_Acc: 0.236
Epoch: 260 Training_Loss: 0.035430 Validation_Acc: 0.240
Epoch: 261 Training_Loss: 0.037276 Validation_Acc: 0.242
Epoch: 262 Training_Loss: 0.041740 Validation_Acc: 0.238
Epoch: 263 Training_Loss: 0.023894 Validation_Acc: 0.253
Epoch: 264 Training_Loss: 0.082948 Validation_Acc: 0.236
Epoch: 265 Training_Loss: 0.056919 Validation_Acc: 0.237
Epoch: 266 Training_Loss: 0.026717 Validation_Acc: 0.228
Epoch: 267 Training_Loss: 0.030982 Validation_Acc: 0.236
Epoch: 268 Training_Loss: 0.032318 Validation_Acc: 0.240
Epoch: 269 Training_Loss: 0.038536 Validation_Acc: 0.238
Epoch: 270 Training_Loss: 0.022755 Validation_Acc: 0.223
Epoch: 271 Training_Loss: 0.045851 Validation_Acc: 0.228
Epoch: 272 Training_Loss: 0.049593 Validation_Acc: 0.237
Epoch: 273 Training_Loss: 0.043142 Validation_Acc: 0.233
Epoch: 274 Training_Loss: 0.056882 Validation_Acc: 0.238
Epoch: 275 Training_Loss: 0.028151 Validation_Acc: 0.235
Epoch: 276 Training_Loss: 0.026584 Validation_Acc: 0.247
Epoch: 277 Training_Loss: 0.027927 Validation_Acc: 0.241
Epoch: 278 Training_Loss: 0.046048 Validation_Acc: 0.237
Epoch: 279 Training_Loss: 0.034192 Validation_Acc: 0.236
Epoch: 280 Training_Loss: 0.044262 Validation_Acc: 0.235
Epoch: 281 Training_Loss: 0.028580 Validation_Acc: 0.238
Epoch: 282 Training_Loss: 0.027072 Validation_Acc: 0.242
Epoch: 283 Training_Loss: 0.038842 Validation_Acc: 0.247
Epoch: 284 Training_Loss: 0.026923 Validation_Acc: 0.225
Epoch: 285 Training_Loss: 0.063121 Validation_Acc: 0.232
Epoch: 286 Training_Loss: 0.023768 Validation_Acc: 0.231
Epoch: 287 Training_Loss: 0.032801 Validation_Acc: 0.250
Epoch: 288 Training_Loss: 0.026519 Validation_Acc: 0.248
Epoch: 289 Training_Loss: 0.023418 Validation_Acc: 0.248
Epoch: 290 Training_Loss: 0.022779 Validation_Acc: 0.247
Epoch: 291 Training_Loss: 0.024826 Validation_Acc: 0.237
Epoch: 292 Training_Loss: 0.038552 Validation_Acc: 0.242
Epoch: 293 Training_Loss: 0.038126 Validation_Acc: 0.240
Epoch: 294 Training_Loss: 0.027835 Validation_Acc: 0.236
Epoch: 295 Training_Loss: 0.035104 Validation_Acc: 0.243
Epoch: 296 Training_Loss: 0.027935 Validation_Acc: 0.236
Epoch: 297 Training_Loss: 0.034407 Validation_Acc: 0.236
Epoch: 298 Training_Loss: 0.085487 Validation_Acc: 0.239
Epoch: 299 Training_Loss: 0.031923 Validation_Acc: 0.241
Epoch: 300 Training_Loss: 0.022832 Validation_Acc: 0.237
